<?xml version="1.0" encoding="UTF-8"?>
<!-- Generated by org.testng.reporters.JUnitXMLReporter -->
<testsuite ignored="2" hostname="Shubh_51" failures="0" tests="1" name="Test" time="23.304" errors="0" timestamp="2024-08-17T14:08:14 IST">
  <testcase classname="com.crm.comcast.testngassert.contacttest.ContactTest" name="createContactTest" time="14.447"/>
  <testcase classname="com.crm.comcast.testngassert.contacttest.ContactTest" name="createContactWithSupportDateTest" time="0.0">
    <ignored/>
  </testcase> <!-- createContactWithSupportDateTest -->
  <testcase classname="com.crm.comcast.testngassert.contacttest.ContactTest" name="createContactWithOrgTest" time="0.0">
    <ignored/>
  </testcase> <!-- createContactWithOrgTest -->
</testsuite> <!-- Test -->
