<?xml version="1.0" encoding="UTF-8"?>
<testng-results ignored="0" total="3" passed="2" failed="1" skipped="0">
  <reporter-output>
  </reporter-output>
  <suite started-at="2024-08-21T13:52:43 IST" name="Default suite" finished-at="2024-08-21T13:53:44 IST" duration-ms="60545">
    <groups>
      <group name="regressiontest">
        <method signature="ContactTest.createContactTest()[pri:0, instance:com.crm.comcast.testngassert.contacttest.ContactTest@2d52216b]" name="createContactTest" class="com.crm.comcast.testngassert.contacttest.ContactTest"/>
        <method signature="ContactTest.createContactWithOrgTest()[pri:0, instance:com.crm.comcast.testngassert.contacttest.ContactTest@2d52216b]" name="createContactWithOrgTest" class="com.crm.comcast.testngassert.contacttest.ContactTest"/>
        <method signature="ContactTest.createContactWithSupportDateTest()[pri:0, instance:com.crm.comcast.testngassert.contacttest.ContactTest@2d52216b]" name="createContactWithSupportDateTest" class="com.crm.comcast.testngassert.contacttest.ContactTest"/>
      </group> <!-- regressiontest -->
      <group name="smoketest">
        <method signature="ContactTest.createContactTest()[pri:0, instance:com.crm.comcast.testngassert.contacttest.ContactTest@2d52216b]" name="createContactTest" class="com.crm.comcast.testngassert.contacttest.ContactTest"/>
      </group> <!-- smoketest -->
    </groups>
    <test started-at="2024-08-21T13:52:43 IST" name="Default test" finished-at="2024-08-21T13:53:44 IST" duration-ms="60545">
      <class name="com.crm.comcast.testngassert.contacttest.ContactTest">
        <test-method is-config="true" signature="bs()[pri:0, instance:com.crm.comcast.testngassert.contacttest.ContactTest@2d52216b]" started-at="2024-08-21T13:52:43 IST" name="bs" finished-at="2024-08-21T13:52:43 IST" duration-ms="229" status="PASS">
          <reporter-output>
          </reporter-output>
        </test-method> <!-- bs -->
        <test-method is-config="true" signature="bc()[pri:0, instance:com.crm.comcast.testngassert.contacttest.ContactTest@2d52216b]" started-at="2024-08-21T13:52:43 IST" name="bc" finished-at="2024-08-21T13:52:45 IST" duration-ms="1702" status="PASS">
          <reporter-output>
          </reporter-output>
        </test-method> <!-- bc -->
        <test-method is-config="true" signature="bm()[pri:0, instance:com.crm.comcast.testngassert.contacttest.ContactTest@2d52216b]" started-at="2024-08-21T13:52:45 IST" name="bm" finished-at="2024-08-21T13:52:49 IST" duration-ms="4105" status="PASS">
          <reporter-output>
          </reporter-output>
        </test-method> <!-- bm -->
        <test-method signature="createContactTest()[pri:0, instance:com.crm.comcast.testngassert.contacttest.ContactTest@2d52216b]" started-at="2024-08-21T13:52:49 IST" name="createContactTest" finished-at="2024-08-21T13:52:57 IST" duration-ms="8365" status="FAIL">
          <exception class="java.lang.NullPointerException">
            <message>
              <![CDATA[Cannot invoke "Object.toString()" because the return value of "org.apache.poi.ss.usermodel.Row.getCell(int)" is null]]>
            </message>
            <full-stacktrace>
              <![CDATA[java.lang.NullPointerException: Cannot invoke "Object.toString()" because the return value of "org.apache.poi.ss.usermodel.Row.getCell(int)" is null
at com.comcast.crm.generic.excelutility.ExcelUtility.getDataFromExcelFile(ExcelUtility.java:15)
at com.crm.comcast.testngassert.contacttest.ContactTest.createContactTest(ContactTest.java:48)
at java.base/jdk.internal.reflect.NativeMethodAccessorImpl.invoke0(Native Method)
at java.base/jdk.internal.reflect.NativeMethodAccessorImpl.invoke(NativeMethodAccessorImpl.java:77)
at java.base/jdk.internal.reflect.DelegatingMethodAccessorImpl.invoke(DelegatingMethodAccessorImpl.java:43)
at java.base/java.lang.reflect.Method.invoke(Method.java:568)
at org.testng.internal.MethodInvocationHelper.invokeMethod(MethodInvocationHelper.java:133)
at org.testng.internal.TestInvoker.invokeMethod(TestInvoker.java:598)
at org.testng.internal.TestInvoker.invokeTestMethod(TestInvoker.java:173)
at org.testng.internal.MethodRunner.runInSequence(MethodRunner.java:46)
at org.testng.internal.TestInvoker$MethodInvocationAgent.invoke(TestInvoker.java:824)
at org.testng.internal.TestInvoker.invokeTestMethods(TestInvoker.java:146)
at org.testng.internal.TestMethodWorker.invokeTestMethods(TestMethodWorker.java:146)
at org.testng.internal.TestMethodWorker.run(TestMethodWorker.java:128)
at java.base/java.util.ArrayList.forEach(ArrayList.java:1511)
at org.testng.TestRunner.privateRun(TestRunner.java:794)
at org.testng.TestRunner.run(TestRunner.java:596)
at org.testng.SuiteRunner.runTest(SuiteRunner.java:377)
at org.testng.SuiteRunner.runSequentially(SuiteRunner.java:371)
at org.testng.SuiteRunner.privateRun(SuiteRunner.java:332)
at org.testng.SuiteRunner.run(SuiteRunner.java:276)
at org.testng.SuiteRunnerWorker.runSuite(SuiteRunnerWorker.java:53)
at org.testng.SuiteRunnerWorker.run(SuiteRunnerWorker.java:96)
at org.testng.TestNG.runSuitesSequentially(TestNG.java:1212)
at org.testng.TestNG.runSuitesLocally(TestNG.java:1134)
at org.testng.TestNG.runSuites(TestNG.java:1063)
at org.testng.TestNG.run(TestNG.java:1031)
at org.testng.remote.AbstractRemoteTestNG.run(AbstractRemoteTestNG.java:115)
at org.testng.remote.RemoteTestNG.initAndRun(RemoteTestNG.java:293)
at org.testng.remote.RemoteTestNG.main(RemoteTestNG.java:91)
]]>
            </full-stacktrace>
          </exception> <!-- java.lang.NullPointerException -->
          <reporter-output>
          </reporter-output>
        </test-method> <!-- createContactTest -->
        <test-method is-config="true" signature="am()[pri:0, instance:com.crm.comcast.testngassert.contacttest.ContactTest@2d52216b]" started-at="2024-08-21T13:52:58 IST" name="am" finished-at="2024-08-21T13:52:59 IST" duration-ms="1811" status="PASS">
          <reporter-output>
          </reporter-output>
        </test-method> <!-- am -->
        <test-method is-config="true" signature="bm()[pri:0, instance:com.crm.comcast.testngassert.contacttest.ContactTest@2d52216b]" started-at="2024-08-21T13:52:59 IST" name="bm" finished-at="2024-08-21T13:53:04 IST" duration-ms="4393" status="PASS">
          <reporter-output>
          </reporter-output>
        </test-method> <!-- bm -->
        <test-method signature="createContactWithOrgTest()[pri:0, instance:com.crm.comcast.testngassert.contacttest.ContactTest@2d52216b]" started-at="2024-08-21T13:53:04 IST" name="createContactWithOrgTest" finished-at="2024-08-21T13:53:24 IST" duration-ms="20328" status="PASS">
          <reporter-output>
          </reporter-output>
        </test-method> <!-- createContactWithOrgTest -->
        <test-method is-config="true" signature="am()[pri:0, instance:com.crm.comcast.testngassert.contacttest.ContactTest@2d52216b]" started-at="2024-08-21T13:53:24 IST" name="am" finished-at="2024-08-21T13:53:26 IST" duration-ms="1753" status="PASS">
          <reporter-output>
          </reporter-output>
        </test-method> <!-- am -->
        <test-method is-config="true" signature="bm()[pri:0, instance:com.crm.comcast.testngassert.contacttest.ContactTest@2d52216b]" started-at="2024-08-21T13:53:26 IST" name="bm" finished-at="2024-08-21T13:53:29 IST" duration-ms="3484" status="PASS">
          <reporter-output>
          </reporter-output>
        </test-method> <!-- bm -->
        <test-method signature="createContactWithSupportDateTest()[pri:0, instance:com.crm.comcast.testngassert.contacttest.ContactTest@2d52216b]" started-at="2024-08-21T13:53:29 IST" name="createContactWithSupportDateTest" finished-at="2024-08-21T13:53:41 IST" duration-ms="12104" status="PASS">
          <reporter-output>
          </reporter-output>
        </test-method> <!-- createContactWithSupportDateTest -->
        <test-method is-config="true" signature="am()[pri:0, instance:com.crm.comcast.testngassert.contacttest.ContactTest@2d52216b]" started-at="2024-08-21T13:53:41 IST" name="am" finished-at="2024-08-21T13:53:43 IST" duration-ms="1725" status="PASS">
          <reporter-output>
          </reporter-output>
        </test-method> <!-- am -->
        <test-method is-config="true" signature="Ac()[pri:0, instance:com.crm.comcast.testngassert.contacttest.ContactTest@2d52216b]" started-at="2024-08-21T13:53:43 IST" name="Ac" finished-at="2024-08-21T13:53:44 IST" duration-ms="604" status="PASS">
          <reporter-output>
          </reporter-output>
        </test-method> <!-- Ac -->
        <test-method is-config="true" signature="As()[pri:0, instance:com.crm.comcast.testngassert.contacttest.ContactTest@2d52216b]" started-at="2024-08-21T13:53:44 IST" name="As" finished-at="2024-08-21T13:53:44 IST" duration-ms="7" status="PASS">
          <reporter-output>
          </reporter-output>
        </test-method> <!-- As -->
      </class> <!-- com.crm.comcast.testngassert.contacttest.ContactTest -->
    </test> <!-- Default test -->
  </suite> <!-- Default suite -->
</testng-results>
