<?xml version="1.0" encoding="UTF-8"?>
<testng-results ignored="2" total="3" passed="0" failed="1" skipped="0">
  <reporter-output>
  </reporter-output>
  <suite started-at="2024-08-27T10:25:41 IST" name="Suite" finished-at="2024-08-27T10:26:00 IST" duration-ms="19781">
    <groups>
      <group name="regressiontest">
        <method signature="ContactTest.createContactTest()[pri:0, instance:com.crm.comcast.testngassert.contacttest.ContactTest@4f80542f]" name="createContactTest" class="com.crm.comcast.testngassert.contacttest.ContactTest"/>
      </group> <!-- regressiontest -->
      <group name="smoketest">
        <method signature="ContactTest.createContactTest()[pri:0, instance:com.crm.comcast.testngassert.contacttest.ContactTest@4f80542f]" name="createContactTest" class="com.crm.comcast.testngassert.contacttest.ContactTest"/>
      </group> <!-- smoketest -->
    </groups>
    <test started-at="2024-08-27T10:25:41 IST" name="Test" finished-at="2024-08-27T10:26:00 IST" duration-ms="19781">
      <class name="com.crm.comcast.testngassert.contacttest.ContactTest">
        <test-method is-config="true" signature="bs()[pri:0, instance:com.crm.comcast.testngassert.contacttest.ContactTest@4f80542f]" started-at="2024-08-27T10:25:40 IST" name="bs" finished-at="2024-08-27T10:25:41 IST" duration-ms="200" status="PASS">
          <reporter-output>
          </reporter-output>
        </test-method> <!-- bs -->
        <test-method is-config="true" signature="bc()[pri:0, instance:com.crm.comcast.testngassert.contacttest.ContactTest@4f80542f]" started-at="2024-08-27T10:25:41 IST" name="bc" finished-at="2024-08-27T10:25:42 IST" duration-ms="1402" status="PASS">
          <reporter-output>
          </reporter-output>
        </test-method> <!-- bc -->
        <test-method is-config="true" signature="bm()[pri:0, instance:com.crm.comcast.testngassert.contacttest.ContactTest@4f80542f]" started-at="2024-08-27T10:25:42 IST" name="bm" finished-at="2024-08-27T10:25:47 IST" duration-ms="5285" status="PASS">
          <reporter-output>
          </reporter-output>
        </test-method> <!-- bm -->
        <test-method signature="createContactTest()[pri:0, instance:com.crm.comcast.testngassert.contacttest.ContactTest@4f80542f]" started-at="2024-08-27T10:25:47 IST" name="createContactTest" finished-at="2024-08-27T10:25:57 IST" duration-ms="10151" status="FAIL">
          <exception class="java.lang.NullPointerException">
            <message>
              <![CDATA[Cannot invoke "Object.toString()" because the return value of "org.apache.poi.ss.usermodel.Row.getCell(int)" is null]]>
            </message>
            <full-stacktrace>
              <![CDATA[java.lang.NullPointerException: Cannot invoke "Object.toString()" because the return value of "org.apache.poi.ss.usermodel.Row.getCell(int)" is null
at com.comcast.crm.generic.excelutility.ExcelUtility.getDataFromExcelFile(ExcelUtility.java:15)
at com.crm.comcast.testngassert.contacttest.ContactTest.createContactTest(ContactTest.java:48)
at java.base/jdk.internal.reflect.NativeMethodAccessorImpl.invoke0(Native Method)
at java.base/jdk.internal.reflect.NativeMethodAccessorImpl.invoke(NativeMethodAccessorImpl.java:77)
at java.base/jdk.internal.reflect.DelegatingMethodAccessorImpl.invoke(DelegatingMethodAccessorImpl.java:43)
at java.base/java.lang.reflect.Method.invoke(Method.java:568)
at org.testng.internal.MethodInvocationHelper.invokeMethod(MethodInvocationHelper.java:133)
at org.testng.internal.TestInvoker.invokeMethod(TestInvoker.java:598)
at org.testng.internal.TestInvoker.invokeTestMethod(TestInvoker.java:173)
at org.testng.internal.MethodRunner.runInSequence(MethodRunner.java:46)
at org.testng.internal.TestInvoker$MethodInvocationAgent.invoke(TestInvoker.java:824)
at org.testng.internal.TestInvoker.invokeTestMethods(TestInvoker.java:146)
at org.testng.internal.TestMethodWorker.invokeTestMethods(TestMethodWorker.java:146)
at org.testng.internal.TestMethodWorker.run(TestMethodWorker.java:128)
at java.base/java.util.ArrayList.forEach(ArrayList.java:1511)
at org.testng.TestRunner.privateRun(TestRunner.java:794)
at org.testng.TestRunner.run(TestRunner.java:596)
at org.testng.SuiteRunner.runTest(SuiteRunner.java:377)
at org.testng.SuiteRunner.runSequentially(SuiteRunner.java:371)
at org.testng.SuiteRunner.privateRun(SuiteRunner.java:332)
at org.testng.SuiteRunner.run(SuiteRunner.java:276)
at org.testng.SuiteRunnerWorker.runSuite(SuiteRunnerWorker.java:53)
at org.testng.SuiteRunnerWorker.run(SuiteRunnerWorker.java:96)
at org.testng.TestNG.runSuitesSequentially(TestNG.java:1212)
at org.testng.TestNG.runSuitesLocally(TestNG.java:1134)
at org.testng.TestNG.runSuites(TestNG.java:1063)
at org.testng.TestNG.run(TestNG.java:1031)
at org.testng.remote.AbstractRemoteTestNG.run(AbstractRemoteTestNG.java:115)
at org.testng.remote.RemoteTestNG.initAndRun(RemoteTestNG.java:293)
at org.testng.remote.RemoteTestNG.main(RemoteTestNG.java:91)
]]>
            </full-stacktrace>
          </exception> <!-- java.lang.NullPointerException -->
          <reporter-output>
          </reporter-output>
        </test-method> <!-- createContactTest -->
        <test-method is-config="true" signature="am()[pri:0, instance:com.crm.comcast.testngassert.contacttest.ContactTest@4f80542f]" started-at="2024-08-27T10:25:58 IST" name="am" finished-at="2024-08-27T10:26:00 IST" duration-ms="2250" status="PASS">
          <reporter-output>
          </reporter-output>
        </test-method> <!-- am -->
        <test-method is-config="true" signature="Ac()[pri:0, instance:com.crm.comcast.testngassert.contacttest.ContactTest@4f80542f]" started-at="2024-08-27T10:26:00 IST" name="Ac" finished-at="2024-08-27T10:26:00 IST" duration-ms="543" status="PASS">
          <reporter-output>
          </reporter-output>
        </test-method> <!-- Ac -->
        <test-method is-config="true" signature="As()[pri:0, instance:com.crm.comcast.testngassert.contacttest.ContactTest@4f80542f]" started-at="2024-08-27T10:26:00 IST" name="As" finished-at="2024-08-27T10:26:00 IST" duration-ms="31" status="PASS">
          <reporter-output>
          </reporter-output>
        </test-method> <!-- As -->
      </class> <!-- com.crm.comcast.testngassert.contacttest.ContactTest -->
    </test> <!-- Test -->
  </suite> <!-- Suite -->
</testng-results>
